start=12:19:17
Loading facebook/nllb-200-3.3B ... (first run downloads ~6 GB)
Fetching 3 files:   0%|          | 0/3 [00:00<?, ?it/s]Fetching 3 files:  33%|███▎      | 1/3 [05:52<11:45, 352.68s/it]Fetching 3 files: 100%|██████████| 3/3 [05:52<00:00, 117.56s/it]
Loading weights:   0%|          | 0/1016 [00:00<?, ?it/s]Loading weights: 100%|██████████| 1016/1016 [00:00<00:00, 52314.23it/s]
[transformers] Both `max_new_tokens` (=128) and `max_length`(=200) seem to have been set. `max_new_tokens` will take precedence. Please refer to the documentation for more information. (https://huggingface.co/docs/transformers/main/en/main_classes/text_generation)

=== Forward translation (X → Mooré) ===
[fra_Latn → mos_Latn] Bonjour, comment allez-vous aujourd'hui ?
                → M pʋʋsda yãmba, y maanda wãn rũnna?

[transformers] Both `max_new_tokens` (=128) and `max_length`(=200) seem to have been set. `max_new_tokens` will take precedence. Please refer to the documentation for more information. (https://huggingface.co/docs/transformers/main/en/main_classes/text_generation)
[fra_Latn → mos_Latn] L'eau souterraine est essentielle pour l'agriculture.
                → Zĩigã tẽngr koom tara yõod wʋsg koobã wɛɛngẽ.

[transformers] Both `max_new_tokens` (=128) and `max_length`(=200) seem to have been set. `max_new_tokens` will take precedence. Please refer to the documentation for more information. (https://huggingface.co/docs/transformers/main/en/main_classes/text_generation)
[fra_Latn → mos_Latn] Le marché ouvre à sept heures du matin.
                → Yaoogã pakda yibeoog yibeoog lɛɛr a yopoe.

[transformers] Both `max_new_tokens` (=128) and `max_length`(=200) seem to have been set. `max_new_tokens` will take precedence. Please refer to the documentation for more information. (https://huggingface.co/docs/transformers/main/en/main_classes/text_generation)
[eng_Latn → mos_Latn] The children are going to school.
                → Kambã na n kẽnga lekollẽ.

[transformers] Both `max_new_tokens` (=128) and `max_length`(=200) seem to have been set. `max_new_tokens` will take precedence. Please refer to the documentation for more information. (https://huggingface.co/docs/transformers/main/en/main_classes/text_generation)
[eng_Latn → mos_Latn] It will rain tomorrow morning.
                → Yibeoog yibeoogo, saag na n niime.

[transformers] Both `max_new_tokens` (=128) and `max_length`(=200) seem to have been set. `max_new_tokens` will take precedence. Please refer to the documentation for more information. (https://huggingface.co/docs/transformers/main/en/main_classes/text_generation)
[eng_Latn → mos_Latn] Please give me a glass of water.
                → M kotame tɩ y kõ-m koom.

[transformers] Both `max_new_tokens` (=128) and `max_length`(=200) seem to have been set. `max_new_tokens` will take precedence. Please refer to the documentation for more information. (https://huggingface.co/docs/transformers/main/en/main_classes/text_generation)
=== Round-trip (Mooré → X) using forward outputs ===
[mos_Latn → fra_Latn] M pʋʋsda yãmba, y maanda wãn rũnna?
                original: Bonjour, comment allez-vous aujourd'hui ?
                back:     Je vous salue tous, et aujourd'hui, qu'est - ce que vous faites?

[transformers] Both `max_new_tokens` (=128) and `max_length`(=200) seem to have been set. `max_new_tokens` will take precedence. Please refer to the documentation for more information. (https://huggingface.co/docs/transformers/main/en/main_classes/text_generation)
[mos_Latn → fra_Latn] Zĩigã tẽngr koom tara yõod wʋsg koobã wɛɛngẽ.
                original: L'eau souterraine est essentielle pour l'agriculture.
                back:     L'eau souterraine est essentielle à l'agriculture.

[transformers] Both `max_new_tokens` (=128) and `max_length`(=200) seem to have been set. `max_new_tokens` will take precedence. Please refer to the documentation for more information. (https://huggingface.co/docs/transformers/main/en/main_classes/text_generation)
[mos_Latn → fra_Latn] Yaoogã pakda yibeoog yibeoog lɛɛr a yopoe.
                original: Le marché ouvre à sept heures du matin.
                back:     Les magasins ouvrent tous les matins à 7 heures.

[transformers] Both `max_new_tokens` (=128) and `max_length`(=200) seem to have been set. `max_new_tokens` will take precedence. Please refer to the documentation for more information. (https://huggingface.co/docs/transformers/main/en/main_classes/text_generation)
[mos_Latn → eng_Latn] Kambã na n kẽnga lekollẽ.
                original: The children are going to school.
                back:     The children will go to school.

[transformers] Both `max_new_tokens` (=128) and `max_length`(=200) seem to have been set. `max_new_tokens` will take precedence. Please refer to the documentation for more information. (https://huggingface.co/docs/transformers/main/en/main_classes/text_generation)
[mos_Latn → eng_Latn] Yibeoog yibeoogo, saag na n niime.
                original: It will rain tomorrow morning.
                back:     In the morning, it will rain.

[transformers] Both `max_new_tokens` (=128) and `max_length`(=200) seem to have been set. `max_new_tokens` will take precedence. Please refer to the documentation for more information. (https://huggingface.co/docs/transformers/main/en/main_classes/text_generation)
[mos_Latn → eng_Latn] M kotame tɩ y kõ-m koom.
                original: Please give me a glass of water.
                back:     Please give me a drink of water.

Done. Compare to distilled-600M outputs.
